# JRE version: OpenJDK Runtime Environment (8.0_202-b03) (build 1.8.0_202-release-1483-b03)
# Java VM: OpenJDK 64-Bit Server VM (25.202-b03 mixed mode windows-amd64 compressed oops)
Heap:
 PSYoungGen      total 201728K, used 146744K [0x00000000e0000000, 0x00000000f0580000, 0x0000000100000000)
  eden space 183296K, 70% used [0x00000000e0000000,0x00000000e7e45ea0,0x00000000eb300000)
  from space 18432K, 94% used [0x00000000eb300000,0x00000000ec408288,0x00000000ec500000)
  to   space 20992K, 0% used [0x00000000ef100000,0x00000000ef100000,0x00000000f0580000)
 ParOldGen       total 134144K, used 35438K [0x00000000a0000000, 0x00000000a8300000, 0x00000000e0000000)
  object space 134144K, 26% used [0x00000000a0000000,0x00000000a229bb20,0x00000000a8300000)
 Metaspace       used 68662K, capacity 70762K, committed 70872K, reserved 1110016K
  class space    used 8933K, capacity 9379K, committed 9432K, reserved 1048576K
GC Heap History (10 events):
Event: 25.237 GC heap before
{Heap before GC invocations=12 (full 2):
 PSYoungGen      total 117248K, used 106496K [0x00000000e0000000, 0x00000000ea800000, 0x0000000100000000)
  eden space 106496K, 100% used [0x00000000e0000000,0x00000000e6800000,0x00000000e6800000)
  from space 10752K, 0% used [0x00000000e6800000,0x00000000e6800000,0x00000000e7280000)
  to   space 12800K, 0% used [0x00000000e9b80000,0x00000000e9b80000,0x00000000ea800000)
 ParOldGen       total 90624K, used 18988K [0x00000000a0000000, 0x00000000a5880000, 0x00000000e0000000)
  object space 90624K, 20% used [0x00000000a0000000,0x00000000a128b188,0x00000000a5880000)
 Metaspace       used 45189K, capacity 46104K, committed 46552K, reserved 1089536K
  class space    used 6058K, capacity 6288K, committed 6360K, reserved 1048576K
Event: 25.274 GC heap after
Heap after GC invocations=12 (full 2):
 PSYoungGen      total 150016K, used 12788K [0x00000000e0000000, 0x00000000ea800000, 0x0000000100000000)
  eden space 137216K, 0% used [0x00000000e0000000,0x00000000e0000000,0x00000000e8600000)
  from space 12800K, 99% used [0x00000000e9b80000,0x00000000ea7fd3a8,0x00000000ea800000)
  to   space 14336K, 0% used [0x00000000e8c00000,0x00000000e8c00000,0x00000000e9a00000)
 ParOldGen       total 90624K, used 19836K [0x00000000a0000000, 0x00000000a5880000, 0x00000000e0000000)
  object space 90624K, 21% used [0x00000000a0000000,0x00000000a135f268,0x00000000a5880000)
 Metaspace       used 45189K, capacity 46104K, committed 46552K, reserved 1089536K
  class space    used 6058K, capacity 6288K, committed 6360K, reserved 1048576K
}
Event: 31.195 GC heap before
{Heap before GC invocations=13 (full 2):
 PSYoungGen      total 150016K, used 150004K [0x00000000e0000000, 0x00000000ea800000, 0x0000000100000000)
  eden space 137216K, 100% used [0x00000000e0000000,0x00000000e8600000,0x00000000e8600000)
  from space 12800K, 99% used [0x00000000e9b80000,0x00000000ea7fd3a8,0x00000000ea800000)
  to   space 14336K, 0% used [0x00000000e8c00000,0x00000000e8c00000,0x00000000e9a00000)
 ParOldGen       total 90624K, used 19836K [0x00000000a0000000, 0x00000000a5880000, 0x00000000e0000000)
  object space 90624K, 21% used [0x00000000a0000000,0x00000000a135f268,0x00000000a5880000)
 Metaspace       used 53747K, capacity 55208K, committed 55384K, reserved 1097728K
  class space    used 7290K, capacity 7653K, committed 7768K, reserved 1048576K
Event: 31.437 GC heap after
Heap after GC invocations=13 (full 2):
 PSYoungGen      total 157696K, used 14317K [0x00000000e0000000, 0x00000000ed780000, 0x0000000100000000)
  eden space 143360K, 0% used [0x00000000e0000000,0x00000000e0000000,0x00000000e8c00000)
  from space 14336K, 99% used [0x00000000e8c00000,0x00000000e99fb6b8,0x00000000e9a00000)
  to   space 18944K, 0% used [0x00000000ec500000,0x00000000ec500000,0x00000000ed780000)
 ParOldGen       total 90624K, used 27097K [0x00000000a0000000, 0x00000000a5880000, 0x00000000e0000000)
  object space 90624K, 29% used [0x00000000a0000000,0x00000000a1a76520,0x00000000a5880000)
 Metaspace       used 53747K, capacity 55208K, committed 55384K, reserved 1097728K
  class space    used 7290K, capacity 7653K, committed 7768K, reserved 1048576K
}
Event: 34.095 GC heap before
{Heap before GC invocations=14 (full 2):
 PSYoungGen      total 157696K, used 58952K [0x00000000e0000000, 0x00000000ed780000, 0x0000000100000000)
  eden space 143360K, 31% used [0x00000000e0000000,0x00000000e2b96c50,0x00000000e8c00000)
  from space 14336K, 99% used [0x00000000e8c00000,0x00000000e99fb6b8,0x00000000e9a00000)
  to   space 18944K, 0% used [0x00000000ec500000,0x00000000ec500000,0x00000000ed780000)
 ParOldGen       total 90624K, used 27097K [0x00000000a0000000, 0x00000000a5880000, 0x00000000e0000000)
  object space 90624K, 29% used [0x00000000a0000000,0x00000000a1a76520,0x00000000a5880000)
 Metaspace       used 57291K, capacity 58918K, committed 59028K, reserved 1099776K
  class space    used 7722K, capacity 8121K, committed 8152K, reserved 1048576K
Event: 34.133 GC heap after
Heap after GC invocations=14 (full 2):
 PSYoungGen      total 202240K, used 5207K [0x00000000e0000000, 0x00000000edc80000, 0x0000000100000000)
  eden space 183296K, 0% used [0x00000000e0000000,0x00000000e0000000,0x00000000eb300000)
  from space 18944K, 27% used [0x00000000ec500000,0x00000000eca15c08,0x00000000ed780000)
  to   space 18432K, 0% used [0x00000000eb300000,0x00000000eb300000,0x00000000ec500000)
 ParOldGen       total 90624K, used 35431K [0x00000000a0000000, 0x00000000a5880000, 0x00000000e0000000)
  object space 90624K, 39% used [0x00000000a0000000,0x00000000a2299d90,0x00000000a5880000)
 Metaspace       used 57291K, capacity 58918K, committed 59028K, reserved 1099776K
  class space    used 7722K, capacity 8121K, committed 8152K, reserved 1048576K
}
Event: 34.133 GC heap before
{Heap before GC invocations=15 (full 3):
 PSYoungGen      total 202240K, used 5207K [0x00000000e0000000, 0x00000000edc80000, 0x0000000100000000)
  eden space 183296K, 0% used [0x00000000e0000000,0x00000000e0000000,0x00000000eb300000)
  from space 18944K, 27% used [0x00000000ec500000,0x00000000eca15c08,0x00000000ed780000)
  to   space 18432K, 0% used [0x00000000eb300000,0x00000000eb300000,0x00000000ec500000)
 ParOldGen       total 90624K, used 35431K [0x00000000a0000000, 0x00000000a5880000, 0x00000000e0000000)
  object space 90624K, 39% used [0x00000000a0000000,0x00000000a2299d90,0x00000000a5880000)
 Metaspace       used 57291K, capacity 58918K, committed 59028K, reserved 1099776K
  class space    used 7722K, capacity 8121K, committed 8152K, reserved 1048576K
Event: 34.712 GC heap after
Heap after GC invocations=15 (full 3):
 PSYoungGen      total 202240K, used 0K [0x00000000e0000000, 0x00000000edc80000, 0x0000000100000000)
  eden space 183296K, 0% used [0x00000000e0000000,0x00000000e0000000,0x00000000eb300000)
  from space 18944K, 0% used [0x00000000ec500000,0x00000000ec500000,0x00000000ed780000)
  to   space 18432K, 0% used [0x00000000eb300000,0x00000000eb300000,0x00000000ec500000)
 ParOldGen       total 134144K, used 35430K [0x00000000a0000000, 0x00000000a8300000, 0x00000000e0000000)
  object space 134144K, 26% used [0x00000000a0000000,0x00000000a2299b20,0x00000000a8300000)
 Metaspace       used 57291K, capacity 58918K, committed 59028K, reserved 1099776K
  class space    used 7722K, capacity 8121K, committed 8152K, reserved 1048576K
}
Event: 118.045 GC heap before
{Heap before GC invocations=16 (full 3):
 PSYoungGen      total 202240K, used 183296K [0x00000000e0000000, 0x00000000edc80000, 0x0000000100000000)
  eden space 183296K, 100% used [0x00000000e0000000,0x00000000eb300000,0x00000000eb300000)
  from space 18944K, 0% used [0x00000000ec500000,0x00000000ec500000,0x00000000ed780000)
  to   space 18432K, 0% used [0x00000000eb300000,0x00000000eb300000,0x00000000ec500000)
 ParOldGen       total 134144K, used 35430K [0x00000000a0000000, 0x00000000a8300000, 0x00000000e0000000)
  object space 134144K, 26% used [0x00000000a0000000,0x00000000a2299b20,0x00000000a8300000)
 Metaspace       used 67550K, capacity 69590K, committed 69848K, reserved 1110016K
  class space    used 8915K, capacity 9351K, committed 9432K, reserved 1048576K
Event: 118.095 GC heap after
Heap after GC invocations=16 (full 3):
 PSYoungGen      total 201728K, used 17440K [0x00000000e0000000, 0x00000000f0580000, 0x0000000100000000)
  eden space 183296K, 0% used [0x00000000e0000000,0x00000000e0000000,0x00000000eb300000)
  from space 18432K, 94% used [0x00000000eb300000,0x00000000ec408288,0x00000000ec500000)
  to   space 20992K, 0% used [0x00000000ef100000,0x00000000ef100000,0x00000000f0580000)
 ParOldGen       total 134144K, used 35438K [0x00000000a0000000, 0x00000000a8300000, 0x00000000e0000000)
  object space 134144K, 26% used [0x00000000a0000000,0x00000000a229bb20,0x00000000a8300000)
 Metaspace       used 67550K, capacity 69590K, committed 69848K, reserved 1110016K
  class space    used 8915K, capacity 9351K, committed 9432K, reserved 1048576K
}

